<?xml version="1.0" encoding="UTF-8"?>
<!-- Generated by org.testng.reporters.JUnitReportReporter -->
<testsuite hostname="DESKTOP-QP2GI5K" failures="0" tests="1" name="freshday.Freshday" time="23.706" errors="0" timestamp="2024-10-31T13:12:35 IST" skipped="0">
  <testcase classname="freshday.Freshday" name="test" time="23.706"/>
</testsuite> <!-- freshday.Freshday -->
